<?xml version="1.0" encoding="UTF-8"?>
<testsuite name="com.titan.math.solver.PredictorCorrectorTest" tests="2" skipped="0" failures="0" errors="0" timestamp="2025-07-07T23:00:32" hostname="MacBook-Pro-van-Emre.local" time="0.001">
  <properties/>
  <testcase name="testSolveForLinearFunctionF" classname="com.titan.math.solver.PredictorCorrectorTest" time="0.001"/>
  <testcase name="testSolveForFunctionFEquals1WithStepSize0Point5" classname="com.titan.math.solver.PredictorCorrectorTest" time="0.0"/>
  <system-out><![CDATA[]]></system-out>
  <system-err><![CDATA[]]></system-err>
</testsuite>
