<?xml version="1.0" encoding="UTF-8"?>
<testsuite name="com.titan.math.VectorTest" tests="6" skipped="0" failures="0" errors="0" timestamp="2025-07-07T23:00:32" hostname="MacBook-Pro-van-Emre.local" time="0.007">
  <properties/>
  <testcase name="testMultiplyByNegativeScalar" classname="com.titan.math.VectorTest" time="0.002"/>
  <testcase name="testMultiplyByBiggerScalar" classname="com.titan.math.VectorTest" time="0.0"/>
  <testcase name="testAdditionNotPossible" classname="com.titan.math.VectorTest" time="0.003"/>
  <testcase name="testAddTwoVectorsDimBiggerThanOne" classname="com.titan.math.VectorTest" time="0.0"/>
  <testcase name="testAddTwoVectorsDimensionOne" classname="com.titan.math.VectorTest" time="0.001"/>
  <testcase name="testMultiplicationByScalar0" classname="com.titan.math.VectorTest" time="0.0"/>
  <system-out><![CDATA[]]></system-out>
  <system-err><![CDATA[]]></system-err>
</testsuite>
