<?xml version="1.0" encoding="UTF-8"?>
<testsuite name="com.titan.model.SolarSystemTest" tests="8" skipped="0" failures="0" errors="0" timestamp="2025-07-07T23:00:32" hostname="MacBook-Pro-van-Emre.local" time="0.002">
  <properties/>
  <testcase name="testSetAllVelocities" classname="com.titan.model.SolarSystemTest" time="0.001"/>
  <testcase name="testCreateRocket" classname="com.titan.model.SolarSystemTest" time="0.0"/>
  <testcase name="testStageRocket" classname="com.titan.model.SolarSystemTest" time="0.0"/>
  <testcase name="testGetAllVelocities" classname="com.titan.model.SolarSystemTest" time="0.0"/>
  <testcase name="testGetAllPositions" classname="com.titan.model.SolarSystemTest" time="0.0"/>
  <testcase name="testGetAllMasses" classname="com.titan.model.SolarSystemTest" time="0.001"/>
  <testcase name="testSetAllPositions" classname="com.titan.model.SolarSystemTest" time="0.0"/>
  <testcase name="testGetCelestialObjects" classname="com.titan.model.SolarSystemTest" time="0.0"/>
  <system-out><![CDATA[]]></system-out>
  <system-err><![CDATA[]]></system-err>
</testsuite>
