<?xml version="1.0" encoding="UTF-8"?>
<testsuite name="com.titan.math.function.GravitationFunctionTest" tests="3" skipped="0" failures="0" errors="0" timestamp="2025-07-07T23:00:32" hostname="MacBook-Pro-van-Emre.local" time="0.001">
  <properties/>
  <testcase name="testFunctionWithSimpleValuesForZForOnePlanet" classname="com.titan.math.function.GravitationFunctionTest" time="0.0"/>
  <testcase name="testFunctionWithSimpleValuesForYForOnePlanet" classname="com.titan.math.function.GravitationFunctionTest" time="0.001"/>
  <testcase name="testFunctionWithSimpleValuesForXForOnePlanet" classname="com.titan.math.function.GravitationFunctionTest" time="0.0"/>
  <system-out><![CDATA[]]></system-out>
  <system-err><![CDATA[]]></system-err>
</testsuite>
